{"total": {"lines":{"total":86,"covered":24,"skipped":0,"pct":27.9},"statements":{"total":87,"covered":25,"skipped":0,"pct":28.73},"functions":{"total":10,"covered":5,"skipped":0,"pct":50},"branches":{"total":17,"covered":1,"skipped":0,"pct":5.88},"branchesTrue":{"total":0,"covered":0,"skipped":0,"pct":"Unknown"}}
,"C:\\Users\\65804\\dvops\\Project-part2\\public\\js\\Addstudent.js": {"lines":{"total":25,"covered":0,"skipped":0,"pct":0},"functions":{"total":2,"covered":0,"skipped":0,"pct":0},"statements":{"total":25,"covered":0,"skipped":0,"pct":0},"branches":{"total":7,"covered":0,"skipped":0,"pct":0}}
,"C:\\Users\\65804\\dvops\\Project-part2\\public\\js\\Deletestudent.js": {"lines":{"total":10,"covered":9,"skipped":0,"pct":90},"functions":{"total":2,"covered":2,"skipped":0,"pct":100},"statements":{"total":10,"covered":9,"skipped":0,"pct":90},"branches":{"total":2,"covered":1,"skipped":0,"pct":50}}
,"C:\\Users\\65804\\dvops\\Project-part2\\public\\js\\Readstudent.js": {"lines":{"total":15,"covered":15,"skipped":0,"pct":100},"functions":{"total":3,"covered":3,"skipped":0,"pct":100},"statements":{"total":16,"covered":16,"skipped":0,"pct":100},"branches":{"total":0,"covered":0,"skipped":0,"pct":100}}
,"C:\\Users\\65804\\dvops\\Project-part2\\public\\js\\Updatestudent.js": {"lines":{"total":36,"covered":0,"skipped":0,"pct":0},"functions":{"total":3,"covered":0,"skipped":0,"pct":0},"statements":{"total":36,"covered":0,"skipped":0,"pct":0},"branches":{"total":8,"covered":0,"skipped":0,"pct":0}}
}
