{"C:\\Users\\65804\\dvops\\Project-part2\\public\\js\\Addstudent.js": {"path":"C:\\Users\\65804\\dvops\\Project-part2\\public\\js\\Addstudent.js","statementMap":{"0":{"start":{"line":2,"column":19},"end":{"line":2,"column":21}},"1":{"start":{"line":3,"column":19},"end":{"line":3,"column":31}},"2":{"start":{"line":4,"column":4},"end":{"line":4,"column":58}},"3":{"start":{"line":5,"column":4},"end":{"line":5,"column":64}},"4":{"start":{"line":6,"column":4},"end":{"line":6,"column":62}},"5":{"start":{"line":8,"column":4},"end":{"line":12,"column":5}},"6":{"start":{"line":9,"column":8},"end":{"line":9,"column":82}},"7":{"start":{"line":10,"column":8},"end":{"line":10,"column":80}},"8":{"start":{"line":11,"column":8},"end":{"line":11,"column":15}},"9":{"start":{"line":14,"column":18},"end":{"line":14,"column":38}},"10":{"start":{"line":15,"column":4},"end":{"line":15,"column":47}},"11":{"start":{"line":16,"column":4},"end":{"line":16,"column":65}},"12":{"start":{"line":17,"column":4},"end":{"line":33,"column":6}},"13":{"start":{"line":18,"column":8},"end":{"line":18,"column":52}},"14":{"start":{"line":19,"column":8},"end":{"line":19,"column":29}},"15":{"start":{"line":20,"column":8},"end":{"line":32,"column":9}},"16":{"start":{"line":21,"column":12},"end":{"line":22,"column":36}},"17":{"start":{"line":23,"column":12},"end":{"line":23,"column":85}},"18":{"start":{"line":24,"column":12},"end":{"line":24,"column":55}},"19":{"start":{"line":25,"column":12},"end":{"line":25,"column":58}},"20":{"start":{"line":26,"column":12},"end":{"line":26,"column":57}},"21":{"start":{"line":27,"column":12},"end":{"line":27,"column":48}},"22":{"start":{"line":30,"column":12},"end":{"line":30,"column":84}},"23":{"start":{"line":31,"column":12},"end":{"line":31,"column":84}},"24":{"start":{"line":34,"column":4},"end":{"line":34,"column":43}}},"fnMap":{"0":{"name":"addStudent","decl":{"start":{"line":1,"column":9},"end":{"line":1,"column":19}},"loc":{"start":{"line":1,"column":22},"end":{"line":35,"column":1}},"line":1},"1":{"name":"(anonymous_1)","decl":{"start":{"line":17,"column":21},"end":{"line":17,"column":22}},"loc":{"start":{"line":17,"column":33},"end":{"line":33,"column":5}},"line":17}},"branchMap":{"0":{"loc":{"start":{"line":8,"column":4},"end":{"line":12,"column":5}},"type":"if","locations":[{"start":{"line":8,"column":4},"end":{"line":12,"column":5}},{"start":{},"end":{}}],"line":8},"1":{"loc":{"start":{"line":8,"column":8},"end":{"line":8,"column":78}},"type":"binary-expr","locations":[{"start":{"line":8,"column":8},"end":{"line":8,"column":27}},{"start":{"line":8,"column":31},"end":{"line":8,"column":53}},{"start":{"line":8,"column":57},"end":{"line":8,"column":78}}],"line":8},"2":{"loc":{"start":{"line":20,"column":8},"end":{"line":32,"column":9}},"type":"if","locations":[{"start":{"line":20,"column":8},"end":{"line":32,"column":9}},{"start":{"line":29,"column":13},"end":{"line":32,"column":9}}],"line":20}},"s":{"0":0,"1":0,"2":0,"3":0,"4":0,"5":0,"6":0,"7":0,"8":0,"9":0,"10":0,"11":0,"12":0,"13":0,"14":0,"15":0,"16":0,"17":0,"18":0,"19":0,"20":0,"21":0,"22":0,"23":0,"24":0},"f":{"0":0,"1":0},"b":{"0":[0,0],"1":[0,0,0],"2":[0,0]},"_coverageSchema":"1a1c01bbd47fc00a2c39e90264f33305004495a9","hash":"182dcd6587c7192e14370d147f81a60756f97a85"}
,"C:\\Users\\65804\\dvops\\Project-part2\\public\\js\\Deletestudent.js": {"path":"C:\\Users\\65804\\dvops\\Project-part2\\public\\js\\Deletestudent.js","statementMap":{"0":{"start":{"line":2,"column":19},"end":{"line":2,"column":21}},"1":{"start":{"line":3,"column":18},"end":{"line":3,"column":38}},"2":{"start":{"line":4,"column":4},"end":{"line":4,"column":66}},"3":{"start":{"line":5,"column":4},"end":{"line":5,"column":65}},"4":{"start":{"line":6,"column":4},"end":{"line":14,"column":6}},"5":{"start":{"line":7,"column":8},"end":{"line":7,"column":52}},"6":{"start":{"line":8,"column":8},"end":{"line":13,"column":9}},"7":{"start":{"line":9,"column":12},"end":{"line":9,"column":48}},"8":{"start":{"line":12,"column":12},"end":{"line":12,"column":47}},"9":{"start":{"line":15,"column":4},"end":{"line":15,"column":19}}},"fnMap":{"0":{"name":"deleteStudent","decl":{"start":{"line":1,"column":9},"end":{"line":1,"column":22}},"loc":{"start":{"line":1,"column":35},"end":{"line":16,"column":1}},"line":1},"1":{"name":"(anonymous_1)","decl":{"start":{"line":6,"column":21},"end":{"line":6,"column":22}},"loc":{"start":{"line":6,"column":33},"end":{"line":14,"column":5}},"line":6}},"branchMap":{"0":{"loc":{"start":{"line":8,"column":8},"end":{"line":13,"column":9}},"type":"if","locations":[{"start":{"line":8,"column":8},"end":{"line":13,"column":9}},{"start":{"line":11,"column":13},"end":{"line":13,"column":9}}],"line":8}},"s":{"0":1,"1":1,"2":1,"3":1,"4":1,"5":1,"6":1,"7":0,"8":1,"9":1},"f":{"0":1,"1":1},"b":{"0":[0,1]},"_coverageSchema":"1a1c01bbd47fc00a2c39e90264f33305004495a9","hash":"71595d6e6ef3e1912d01fb09a43cfaf76fd2e67b"}
,"C:\\Users\\65804\\dvops\\Project-part2\\public\\js\\Readstudent.js": {"path":"C:\\Users\\65804\\dvops\\Project-part2\\public\\js\\Readstudent.js","statementMap":{"0":{"start":{"line":2,"column":24},"end":{"line":2,"column":82}},"1":{"start":{"line":3,"column":19},"end":{"line":3,"column":21}},"2":{"start":{"line":4,"column":18},"end":{"line":4,"column":38}},"3":{"start":{"line":5,"column":4},"end":{"line":5,"column":47}},"4":{"start":{"line":6,"column":4},"end":{"line":6,"column":65}},"5":{"start":{"line":7,"column":4},"end":{"line":29,"column":6}},"6":{"start":{"line":8,"column":8},"end":{"line":8,"column":52}},"7":{"start":{"line":9,"column":8},"end":{"line":9,"column":30}},"8":{"start":{"line":11,"column":33},"end":{"line":13,"column":9}},"9":{"start":{"line":12,"column":12},"end":{"line":12,"column":60}},"10":{"start":{"line":15,"column":19},"end":{"line":15,"column":21}},"11":{"start":{"line":16,"column":8},"end":{"line":27,"column":9}},"12":{"start":{"line":16,"column":21},"end":{"line":16,"column":22}},"13":{"start":{"line":17,"column":12},"end":{"line":26,"column":23}},"14":{"start":{"line":28,"column":8},"end":{"line":28,"column":65}},"15":{"start":{"line":30,"column":4},"end":{"line":30,"column":19}}},"fnMap":{"0":{"name":"viewStudent","decl":{"start":{"line":1,"column":9},"end":{"line":1,"column":20}},"loc":{"start":{"line":1,"column":23},"end":{"line":31,"column":1}},"line":1},"1":{"name":"(anonymous_1)","decl":{"start":{"line":7,"column":21},"end":{"line":7,"column":22}},"loc":{"start":{"line":7,"column":33},"end":{"line":29,"column":5}},"line":7},"2":{"name":"(anonymous_2)","decl":{"start":{"line":11,"column":49},"end":{"line":11,"column":50}},"loc":{"start":{"line":12,"column":12},"end":{"line":12,"column":60}},"line":12}},"branchMap":{},"s":{"0":13,"1":13,"2":13,"3":13,"4":13,"5":13,"6":13,"7":13,"8":13,"9":52,"10":13,"11":13,"12":13,"13":49,"14":13,"15":13},"f":{"0":13,"1":13,"2":52},"b":{},"_coverageSchema":"1a1c01bbd47fc00a2c39e90264f33305004495a9","hash":"23f50e3c41a6e7e35e458154bc2857495690d0b7"}
,"C:\\Users\\65804\\dvops\\Project-part2\\public\\js\\Updatestudent.js": {"path":"C:\\Users\\65804\\dvops\\Project-part2\\public\\js\\Updatestudent.js","statementMap":{"0":{"start":{"line":2,"column":26},"end":{"line":2,"column":42}},"1":{"start":{"line":3,"column":4},"end":{"line":3,"column":69}},"2":{"start":{"line":4,"column":4},"end":{"line":4,"column":75}},"3":{"start":{"line":5,"column":4},"end":{"line":5,"column":73}},"4":{"start":{"line":7,"column":23},"end":{"line":7,"column":62}},"5":{"start":{"line":8,"column":4},"end":{"line":8,"column":61}},"6":{"start":{"line":9,"column":4},"end":{"line":9,"column":41}},"7":{"start":{"line":13,"column":20},"end":{"line":13,"column":83}},"8":{"start":{"line":15,"column":4},"end":{"line":15,"column":27}},"9":{"start":{"line":17,"column":19},"end":{"line":21,"column":5}},"10":{"start":{"line":24,"column":4},"end":{"line":24,"column":58}},"11":{"start":{"line":25,"column":4},"end":{"line":25,"column":91}},"12":{"start":{"line":28,"column":4},"end":{"line":32,"column":5}},"13":{"start":{"line":29,"column":8},"end":{"line":29,"column":139}},"14":{"start":{"line":30,"column":8},"end":{"line":30,"column":76}},"15":{"start":{"line":31,"column":8},"end":{"line":31,"column":15}},"16":{"start":{"line":35,"column":4},"end":{"line":39,"column":5}},"17":{"start":{"line":36,"column":8},"end":{"line":36,"column":124}},"18":{"start":{"line":37,"column":8},"end":{"line":37,"column":76}},"19":{"start":{"line":38,"column":8},"end":{"line":38,"column":15}},"20":{"start":{"line":42,"column":4},"end":{"line":46,"column":5}},"21":{"start":{"line":43,"column":8},"end":{"line":43,"column":122}},"22":{"start":{"line":44,"column":8},"end":{"line":44,"column":76}},"23":{"start":{"line":45,"column":8},"end":{"line":45,"column":15}},"24":{"start":{"line":48,"column":18},"end":{"line":48,"column":38}},"25":{"start":{"line":49,"column":4},"end":{"line":49,"column":62}},"26":{"start":{"line":50,"column":4},"end":{"line":50,"column":65}},"27":{"start":{"line":51,"column":4},"end":{"line":61,"column":6}},"28":{"start":{"line":52,"column":23},"end":{"line":52,"column":55}},"29":{"start":{"line":53,"column":8},"end":{"line":60,"column":9}},"30":{"start":{"line":54,"column":12},"end":{"line":54,"column":105}},"31":{"start":{"line":55,"column":12},"end":{"line":55,"column":81}},"32":{"start":{"line":56,"column":12},"end":{"line":56,"column":48}},"33":{"start":{"line":58,"column":12},"end":{"line":58,"column":89}},"34":{"start":{"line":59,"column":12},"end":{"line":59,"column":80}},"35":{"start":{"line":62,"column":4},"end":{"line":62,"column":43}}},"fnMap":{"0":{"name":"editStudent","decl":{"start":{"line":1,"column":9},"end":{"line":1,"column":20}},"loc":{"start":{"line":1,"column":27},"end":{"line":10,"column":1}},"line":1},"1":{"name":"updateStudent","decl":{"start":{"line":12,"column":9},"end":{"line":12,"column":22}},"loc":{"start":{"line":12,"column":25},"end":{"line":63,"column":1}},"line":12},"2":{"name":"(anonymous_2)","decl":{"start":{"line":51,"column":21},"end":{"line":51,"column":22}},"loc":{"start":{"line":51,"column":33},"end":{"line":61,"column":5}},"line":51}},"branchMap":{"0":{"loc":{"start":{"line":28,"column":4},"end":{"line":32,"column":5}},"type":"if","locations":[{"start":{"line":28,"column":4},"end":{"line":32,"column":5}},{"start":{},"end":{}}],"line":28},"1":{"loc":{"start":{"line":35,"column":4},"end":{"line":39,"column":5}},"type":"if","locations":[{"start":{"line":35,"column":4},"end":{"line":39,"column":5}},{"start":{},"end":{}}],"line":35},"2":{"loc":{"start":{"line":42,"column":4},"end":{"line":46,"column":5}},"type":"if","locations":[{"start":{"line":42,"column":4},"end":{"line":46,"column":5}},{"start":{},"end":{}}],"line":42},"3":{"loc":{"start":{"line":53,"column":8},"end":{"line":60,"column":9}},"type":"if","locations":[{"start":{"line":53,"column":8},"end":{"line":60,"column":9}},{"start":{"line":57,"column":15},"end":{"line":60,"column":9}}],"line":53}},"s":{"0":0,"1":0,"2":0,"3":0,"4":0,"5":0,"6":0,"7":0,"8":0,"9":0,"10":0,"11":0,"12":0,"13":0,"14":0,"15":0,"16":0,"17":0,"18":0,"19":0,"20":0,"21":0,"22":0,"23":0,"24":0,"25":0,"26":0,"27":0,"28":0,"29":0,"30":0,"31":0,"32":0,"33":0,"34":0,"35":0},"f":{"0":0,"1":0,"2":0},"b":{"0":[0,0],"1":[0,0],"2":[0,0],"3":[0,0]},"_coverageSchema":"1a1c01bbd47fc00a2c39e90264f33305004495a9","hash":"da43d3f29d1ef4276bf1e112ace7a2c1bf538c84"}
}
