TN:
SF:public\js\Addstudent.js
FN:1,addStudent
FN:17,(anonymous_1)
FNF:2
FNH:0
FNDA:0,addStudent
FNDA:0,(anonymous_1)
DA:2,0
DA:3,0
DA:4,0
DA:5,0
DA:6,0
DA:8,0
DA:9,0
DA:10,0
DA:11,0
DA:14,0
DA:15,0
DA:16,0
DA:17,0
DA:18,0
DA:19,0
DA:20,0
DA:21,0
DA:23,0
DA:24,0
DA:25,0
DA:26,0
DA:27,0
DA:30,0
DA:31,0
DA:34,0
LF:25
LH:0
BRDA:8,0,0,0
BRDA:8,0,1,0
BRDA:8,1,0,0
BRDA:8,1,1,0
BRDA:8,1,2,0
BRDA:20,2,0,0
BRDA:20,2,1,0
BRF:7
BRH:0
end_of_record
TN:
SF:public\js\Deletestudent.js
FN:1,deleteStudent
FN:6,(anonymous_1)
FNF:2
FNH:2
FNDA:1,deleteStudent
FNDA:1,(anonymous_1)
DA:2,1
DA:3,1
DA:4,1
DA:5,1
DA:6,1
DA:7,1
DA:8,1
DA:9,0
DA:12,1
DA:15,1
LF:10
LH:9
BRDA:8,0,0,0
BRDA:8,0,1,1
BRF:2
BRH:1
end_of_record
TN:
SF:public\js\Readstudent.js
FN:1,viewStudent
FN:7,(anonymous_1)
FN:11,(anonymous_2)
FNF:3
FNH:3
FNDA:13,viewStudent
FNDA:13,(anonymous_1)
FNDA:52,(anonymous_2)
DA:2,13
DA:3,13
DA:4,13
DA:5,13
DA:6,13
DA:7,13
DA:8,13
DA:9,13
DA:11,13
DA:12,52
DA:15,13
DA:16,13
DA:17,49
DA:28,13
DA:30,13
LF:15
LH:15
BRF:0
BRH:0
end_of_record
TN:
SF:public\js\Updatestudent.js
FN:1,editStudent
FN:12,updateStudent
FN:51,(anonymous_2)
FNF:3
FNH:0
FNDA:0,editStudent
FNDA:0,updateStudent
FNDA:0,(anonymous_2)
DA:2,0
DA:3,0
DA:4,0
DA:5,0
DA:7,0
DA:8,0
DA:9,0
DA:13,0
DA:15,0
DA:17,0
DA:24,0
DA:25,0
DA:28,0
DA:29,0
DA:30,0
DA:31,0
DA:35,0
DA:36,0
DA:37,0
DA:38,0
DA:42,0
DA:43,0
DA:44,0
DA:45,0
DA:48,0
DA:49,0
DA:50,0
DA:51,0
DA:52,0
DA:53,0
DA:54,0
DA:55,0
DA:56,0
DA:58,0
DA:59,0
DA:62,0
LF:36
LH:0
BRDA:28,0,0,0
BRDA:28,0,1,0
BRDA:35,1,0,0
BRDA:35,1,1,0
BRDA:42,2,0,0
BRDA:42,2,1,0
BRDA:53,3,0,0
BRDA:53,3,1,0
BRF:8
BRH:0
end_of_record
